HantuneAngleSp 

positionD 

positionI 

positionP 

PosRound
Position
ErrorPID
EncoderValueTestErrorView
NoOtherTruckBoardsErrorView
AngleVoteErrorView
NoTrailerAttachErrorView
BoardIdErrorView
Board_ID_s
SI_FreeHeap
SI_FreeStack
MotorGivenSpeed
EncPosition
MotorControl
LocalTicksBefore
local_ticks_interrupt
SI_CPUload
TrailerOneAttach
VoteAngle1
VoteAngle2
VoteAngle3
InputAngleBoard4
TrailerTwoAttach
InputAngleBoard5
VoteEncoder1
VoteEncoder2
VoteEncoder3
DesynckTicks45
CanReceiveCycle
CanReceived
CanSendCycle
test1
testtest
Master_ID_s
Role_ID_s
sync_bc0_miss_counter_s
sync_bc1_miss_counter_s
set_miss_counter_s
sensor_miss_counter_s
out1_miss_counter_s
out2_miss_counter_s
NoMes1CntCheck
NoMes2CntCheck
NoMes3CntCheck
votes_Board_1_DEBUG
votes_Board_2_DEBUG
votes_Board_3_DEBUG
Board_1_error_counter_s
Board_2_error_counter_s
Board_3_error_counter_s
ValidatedAngle
MessagesOnCan1
CanCallsCheck
ReceiverTimerBlokCalls
ChancgeLocalTicks
EstimatedTimeCan1
EstimatedTimeCan2
DesyncTicks
msg_count_DEBUG_s
TestTicka
LocalIncTicksMes
LocalIncTicksMes2
EstimatedTimeCan1_Init
EstimatedTimeCan2_Init
Rx_init_LT_Init
CanSendTime
bacic_cycle_s
Test_CanMes2
Test_CanMes0
A0OUT
A1OUT
A2OUT
Test_CanRec529
Test_Can2Rec529
InitFlag
D4
D5
D6
result_no_id
result_recieved_2nd
result_recieved_3d
result_recieved_4th
result_recieved_5th
CanRec_Time
BC1_sync_processed_s
BC0_sync_processed_s
BC0_vote1_processed_s
BC0_vote2_processed_s
BC0_vote3_processed_s
Check
CanRec1And2
InitTime
