   1              		.cpu cortex-m4
   2              		.arch armv7e-m
   3              		.fpu fpv4-sp-d16
   4              		.eabi_attribute 27, 1
   5              		.eabi_attribute 20, 1
   6              		.eabi_attribute 21, 1
   7              		.eabi_attribute 23, 3
   8              		.eabi_attribute 24, 1
   9              		.eabi_attribute 25, 1
  10              		.eabi_attribute 26, 1
  11              		.eabi_attribute 30, 2
  12              		.eabi_attribute 34, 1
  13              		.eabi_attribute 18, 4
  14              		.file	"model.c"
  15              		.text
  16              	.Ltext0:
  17              		.cfi_sections	.debug_frame
  18              		.section	.text.ModelBootCroMsgReceived,"ax",%progbits
  19              		.align	1
  20              		.p2align 2,,3
  21              		.syntax unified
  22              		.thumb
  23              		.thumb_func
  25              	ModelBootCroMsgReceived:
  26              	.LVL0:
  27              	.LFB113:
  28              		.file 1 "../blockset/rtw/STM32/lib/model.c"
   1:../blockset/rtw/STM32/lib/model.c **** /************************************************************************************//**
   2:../blockset/rtw/STM32/lib/model.c **** * \file         model.c
   3:../blockset/rtw/STM32/lib/model.c **** * \brief        Interface to Simulink generated model source file
   4:../blockset/rtw/STM32/lib/model.c **** * \internal
   5:../blockset/rtw/STM32/lib/model.c **** *----------------------------------------------------------------------------------------
   6:../blockset/rtw/STM32/lib/model.c **** *                          C O P Y R I G H T
   7:../blockset/rtw/STM32/lib/model.c **** *----------------------------------------------------------------------------------------
   8:../blockset/rtw/STM32/lib/model.c **** *  Copyright (c) 2013  by Feaser           http://www.feaser.com    All rights reserved
   9:../blockset/rtw/STM32/lib/model.c **** *  Copyright (c) 2013  by HAN Automotive   http://www.han.nl        All rights reserved
  10:../blockset/rtw/STM32/lib/model.c **** *
  11:../blockset/rtw/STM32/lib/model.c **** *----------------------------------------------------------------------------------------
  12:../blockset/rtw/STM32/lib/model.c **** *                            L I C E N S E
  13:../blockset/rtw/STM32/lib/model.c **** *----------------------------------------------------------------------------------------
  14:../blockset/rtw/STM32/lib/model.c **** * This file is part of the HANcoder Target Matlab/Simulink Blockset environment. For the
  15:../blockset/rtw/STM32/lib/model.c **** * licensing terms, please contact HAN Automotive.
  16:../blockset/rtw/STM32/lib/model.c **** *
  17:../blockset/rtw/STM32/lib/model.c **** * This software has been carefully tested, but is not guaranteed for any particular
  18:../blockset/rtw/STM32/lib/model.c **** * purpose. HAN Automotive does not offer any warranties and does not guarantee the
  19:../blockset/rtw/STM32/lib/model.c **** * accuracy, adequacy, or completeness of the software and is not responsible for any
  20:../blockset/rtw/STM32/lib/model.c **** * errors or omissions or the results obtained from use of the software.
  21:../blockset/rtw/STM32/lib/model.c **** *
  22:../blockset/rtw/STM32/lib/model.c **** * \endinternal
  23:../blockset/rtw/STM32/lib/model.c **** ****************************************************************************************/
  24:../blockset/rtw/STM32/lib/model.c **** 
  25:../blockset/rtw/STM32/lib/model.c **** 
  26:../blockset/rtw/STM32/lib/model.c **** /****************************************************************************************
  27:../blockset/rtw/STM32/lib/model.c **** * Include files
  28:../blockset/rtw/STM32/lib/model.c **** ****************************************************************************************/
  29:../blockset/rtw/STM32/lib/model.c **** #include "model.h"
  30:../blockset/rtw/STM32/lib/model.c **** #include "rtwtypes.h"
  31:../blockset/rtw/STM32/lib/model.c **** #include "xcp_cfg.h"
  32:../blockset/rtw/STM32/lib/model.c **** #include "xcp_par.h"
  33:../blockset/rtw/STM32/lib/model.c **** #include "SYS_config.h"
  34:../blockset/rtw/STM32/lib/model.c **** #include "anin.h"
  35:../blockset/rtw/STM32/lib/model.c **** #if (HANcoder_BOOTLOADER > 0)
  36:../blockset/rtw/STM32/lib/model.c **** #include "can.h"
  37:../blockset/rtw/STM32/lib/model.c **** #include "canio.h"
  38:../blockset/rtw/STM32/lib/model.c **** #include "os.h"
  39:../blockset/rtw/STM32/lib/model.c **** #endif
  40:../blockset/rtw/STM32/lib/model.c **** 
  41:../blockset/rtw/STM32/lib/model.c **** /****************************************************************************************
  42:../blockset/rtw/STM32/lib/model.c **** * Global data declarations
  43:../blockset/rtw/STM32/lib/model.c **** ****************************************************************************************/
  44:../blockset/rtw/STM32/lib/model.c **** /** \brief Variable that holds the number of analog channels with filtering */
  45:../blockset/rtw/STM32/lib/model.c **** uint8_t nrFilteredADCchannels = NUMFILTEREDCHANNELS;
  46:../blockset/rtw/STM32/lib/model.c **** 
  47:../blockset/rtw/STM32/lib/model.c **** /***************************************************************************************
  48:../blockset/rtw/STM32/lib/model.c **** * Pieces of code from xcp_par.c to be able to precompile the rest of the file
  49:../blockset/rtw/STM32/lib/model.c **** ****************************************************************************************/
  50:../blockset/rtw/STM32/lib/model.c **** /* Slave device id */
  51:../blockset/rtw/STM32/lib/model.c **** #if defined ( kXcpStationIdLength )
  52:../blockset/rtw/STM32/lib/model.c **** 	/* Ticket #51 changed a define to a variable to make sure the value */
  53:../blockset/rtw/STM32/lib/model.c **** 	/* is not fixed when compiling the library */
  54:../blockset/rtw/STM32/lib/model.c **** 	short kXcpStationIdLengthVariable = kXcpStationIdLength;
  55:../blockset/rtw/STM32/lib/model.c **** 	V_MEMROM0 MEMORY_ROM vuint8 kXcpStationId[kXcpStationIdLength] = kXcpStationIdString;
  56:../blockset/rtw/STM32/lib/model.c **** #endif
  57:../blockset/rtw/STM32/lib/model.c **** 
  58:../blockset/rtw/STM32/lib/model.c **** #if defined ( XCP_ENABLE_DAQ_EVENT_INFO )
  59:../blockset/rtw/STM32/lib/model.c **** 	V_MEMROM0 vuint8 MEMORY_ROM kXcpEventCycle[] =
  60:../blockset/rtw/STM32/lib/model.c **** 	{
  61:../blockset/rtw/STM32/lib/model.c **** 		(vuint8)(APP_CTRL_TASK_TIMING_US/100), (vuint8)(APP_CTRL_TASK_TIMING_US/100), (vuint8)(APP_CTRL_T
  62:../blockset/rtw/STM32/lib/model.c **** 	};
  63:../blockset/rtw/STM32/lib/model.c **** #endif
  64:../blockset/rtw/STM32/lib/model.c **** 
  65:../blockset/rtw/STM32/lib/model.c **** 
  66:../blockset/rtw/STM32/lib/model.c **** /****************************************************************************************
  67:../blockset/rtw/STM32/lib/model.c **** * Plausibility checks
  68:../blockset/rtw/STM32/lib/model.c **** ****************************************************************************************/
  69:../blockset/rtw/STM32/lib/model.c **** #if ONESTEPFCN==0
  70:../blockset/rtw/STM32/lib/model.c **** #error Separate output and update functions are not supported.
  71:../blockset/rtw/STM32/lib/model.c **** #endif
  72:../blockset/rtw/STM32/lib/model.c **** 
  73:../blockset/rtw/STM32/lib/model.c **** #if MT==1
  74:../blockset/rtw/STM32/lib/model.c **** #error Only single tasking is supported.
  75:../blockset/rtw/STM32/lib/model.c **** #endif
  76:../blockset/rtw/STM32/lib/model.c **** 
  77:../blockset/rtw/STM32/lib/model.c **** 
  78:../blockset/rtw/STM32/lib/model.c **** /****************************************************************************************
  79:../blockset/rtw/STM32/lib/model.c **** * External function prototypes
  80:../blockset/rtw/STM32/lib/model.c **** ****************************************************************************************/
  81:../blockset/rtw/STM32/lib/model.c **** #if defined(INCLUDE_FIRST_TIME_ARG) && INCLUDE_FIRST_TIME_ARG==0
  82:../blockset/rtw/STM32/lib/model.c **** extern void MODEL_INITIALIZE();
  83:../blockset/rtw/STM32/lib/model.c **** #else
  84:../blockset/rtw/STM32/lib/model.c **** extern void MODEL_INITIALIZE(boolean_T firstTime);
  85:../blockset/rtw/STM32/lib/model.c **** #endif
  86:../blockset/rtw/STM32/lib/model.c **** extern void MODEL_TERMINATE(void);
  87:../blockset/rtw/STM32/lib/model.c **** #if NUMST == 1
  88:../blockset/rtw/STM32/lib/model.c **** extern void MODEL_STEP(void);                      /* single instance                  */
  89:../blockset/rtw/STM32/lib/model.c **** #else
  90:../blockset/rtw/STM32/lib/model.c **** extern void MODEL_STEP(int_T tid);                 /* multiple instance                */
  91:../blockset/rtw/STM32/lib/model.c **** #endif
  92:../blockset/rtw/STM32/lib/model.c **** 
  93:../blockset/rtw/STM32/lib/model.c **** /****************************************************************************************
  94:../blockset/rtw/STM32/lib/model.c **** * Function prototypes
  95:../blockset/rtw/STM32/lib/model.c **** ****************************************************************************************/
  96:../blockset/rtw/STM32/lib/model.c **** #if (HANcoder_BOOTLOADER > 0)
  97:../blockset/rtw/STM32/lib/model.c **** static void ModelBootCroMsgReceived(uint8_t dlc, uint8_t *data, uint32_t timestamp);
  98:../blockset/rtw/STM32/lib/model.c **** #endif
  99:../blockset/rtw/STM32/lib/model.c **** 
 100:../blockset/rtw/STM32/lib/model.c **** 
 101:../blockset/rtw/STM32/lib/model.c **** /************************************************************************************//**
 102:../blockset/rtw/STM32/lib/model.c **** ** \brief     Initializes the Simulink model.
 103:../blockset/rtw/STM32/lib/model.c **** ** \return    none.
 104:../blockset/rtw/STM32/lib/model.c **** **
 105:../blockset/rtw/STM32/lib/model.c **** ****************************************************************************************/
 106:../blockset/rtw/STM32/lib/model.c **** void ModelInit(void)
 107:../blockset/rtw/STM32/lib/model.c **** {
 108:../blockset/rtw/STM32/lib/model.c ****   /* initialize the model */
 109:../blockset/rtw/STM32/lib/model.c **** #if defined(INCLUDE_FIRST_TIME_ARG) && INCLUDE_FIRST_TIME_ARG==0
 110:../blockset/rtw/STM32/lib/model.c ****   MODEL_INITIALIZE();
 111:../blockset/rtw/STM32/lib/model.c **** #else
 112:../blockset/rtw/STM32/lib/model.c ****   MODEL_INITIALIZE(1);
 113:../blockset/rtw/STM32/lib/model.c **** #endif
 114:../blockset/rtw/STM32/lib/model.c **** 
 115:../blockset/rtw/STM32/lib/model.c **** #if (HANcoder_BOOTLOADER > 0)
 116:../blockset/rtw/STM32/lib/model.c ****   /* register function that can re-activate the bootloader. note that this assumes the
 117:../blockset/rtw/STM32/lib/model.c ****    * model itself contains a CAN Config block, otherwise the CAN can CANIO modules
 118:../blockset/rtw/STM32/lib/model.c ****    * should be initialized here as well. If the bootloader's XCP CRO message identifier
 119:../blockset/rtw/STM32/lib/model.c ****    * is changed, it should be changed here as well.
 120:../blockset/rtw/STM32/lib/model.c ****    */
 121:../blockset/rtw/STM32/lib/model.c ****   CanIoRegisterMessageReceivedCallback(0, 0x667, ModelBootCroMsgReceived);
 122:../blockset/rtw/STM32/lib/model.c **** #endif
 123:../blockset/rtw/STM32/lib/model.c **** } /*** end of ModelInit ***/
 124:../blockset/rtw/STM32/lib/model.c **** 
 125:../blockset/rtw/STM32/lib/model.c **** 
 126:../blockset/rtw/STM32/lib/model.c **** /************************************************************************************//**
 127:../blockset/rtw/STM32/lib/model.c **** ** \brief     Runs the Simulink model. It is important that this function is called
 128:../blockset/rtw/STM32/lib/model.c **** **            with the same period time as the fixed steptime configuration in the
 129:../blockset/rtw/STM32/lib/model.c **** **            Simulink model itself.
 130:../blockset/rtw/STM32/lib/model.c **** ** \return    none.
 131:../blockset/rtw/STM32/lib/model.c **** **
 132:../blockset/rtw/STM32/lib/model.c **** ****************************************************************************************/
 133:../blockset/rtw/STM32/lib/model.c **** void ModelStep(void)
 134:../blockset/rtw/STM32/lib/model.c **** {
 135:../blockset/rtw/STM32/lib/model.c ****   #if NUMST > 1
 136:../blockset/rtw/STM32/lib/model.c ****   /* perform a step of the model */
 137:../blockset/rtw/STM32/lib/model.c ****   MODEL_STEP(0);
 138:../blockset/rtw/STM32/lib/model.c **** #else
 139:../blockset/rtw/STM32/lib/model.c ****   /* perform a step of the model */
 140:../blockset/rtw/STM32/lib/model.c ****   MODEL_STEP();
 141:../blockset/rtw/STM32/lib/model.c **** #endif
 142:../blockset/rtw/STM32/lib/model.c **** } /*** end of ModelStep ***/
 143:../blockset/rtw/STM32/lib/model.c **** 
 144:../blockset/rtw/STM32/lib/model.c **** 
 145:../blockset/rtw/STM32/lib/model.c **** /************************************************************************************//**
 146:../blockset/rtw/STM32/lib/model.c **** ** \brief     Callback function that gets called each time the bootloader's XCP CRO
 147:../blockset/rtw/STM32/lib/model.c **** **            message was received. If the contents are the CONNECT command, then the
 148:../blockset/rtw/STM32/lib/model.c **** **            bootloader is started.
 149:../blockset/rtw/STM32/lib/model.c **** ** \param     dlc Number of bytes in the message.
 150:../blockset/rtw/STM32/lib/model.c **** ** \param     data Byte array with message data
 151:../blockset/rtw/STM32/lib/model.c **** ** \param     timestamp Message timestamp in ms.
 152:../blockset/rtw/STM32/lib/model.c **** ** \return    none.
 153:../blockset/rtw/STM32/lib/model.c **** **
 154:../blockset/rtw/STM32/lib/model.c **** ****************************************************************************************/
 155:../blockset/rtw/STM32/lib/model.c **** #if (HANcoder_BOOTLOADER > 0)
 156:../blockset/rtw/STM32/lib/model.c **** static void ModelBootCroMsgReceived(uint8_t dlc, uint8_t *data, uint32_t timestamp)
 157:../blockset/rtw/STM32/lib/model.c **** {
  29              		.loc 1 157 1 view -0
  30              		.cfi_startproc
  31              		@ args = 0, pretend = 0, frame = 0
  32              		@ frame_needed = 0, uses_anonymous_args = 0
  33              		@ link register save eliminated.
 158:../blockset/rtw/STM32/lib/model.c ****   /* check if this was an XCP CONNECT command */
 159:../blockset/rtw/STM32/lib/model.c ****   if ((data[0] == 0xff) && (data[1] == 0x00))
  34              		.loc 1 159 3 view .LVU1
  35              		.loc 1 159 6 is_stmt 0 view .LVU2
  36 0000 0B78     		ldrb	r3, [r1]	@ zero_extendqisi2
  37 0002 FF2B     		cmp	r3, #255
  38 0004 00D0     		beq	.L4
  39              	.L1:
 160:../blockset/rtw/STM32/lib/model.c ****   {
 161:../blockset/rtw/STM32/lib/model.c ****     /* perform software reset to activate the bootoader again */
 162:../blockset/rtw/STM32/lib/model.c ****     OsSystemReset();
 163:../blockset/rtw/STM32/lib/model.c ****   }
 164:../blockset/rtw/STM32/lib/model.c **** } /*** end of ModelBootCroMsgReceived ***/
  40              		.loc 1 164 1 view .LVU3
  41 0006 7047     		bx	lr
  42              	.L4:
  43              	.LVL1:
  44              	.LBB4:
  45              	.LBI4:
 156:../blockset/rtw/STM32/lib/model.c **** {
  46              		.loc 1 156 13 is_stmt 1 view .LVU4
  47              	.LBB5:
 159:../blockset/rtw/STM32/lib/model.c ****   {
  48              		.loc 1 159 25 is_stmt 0 view .LVU5
  49 0008 4B78     		ldrb	r3, [r1, #1]	@ zero_extendqisi2
  50 000a 002B     		cmp	r3, #0
  51 000c FBD1     		bne	.L1
 162:../blockset/rtw/STM32/lib/model.c ****   }
  52              		.loc 1 162 5 is_stmt 1 view .LVU6
  53 000e FFF7FEBF 		b	OsSystemReset
  54              	.LVL2:
 162:../blockset/rtw/STM32/lib/model.c ****   }
  55              		.loc 1 162 5 is_stmt 0 view .LVU7
  56              	.LBE5:
  57              	.LBE4:
  58              		.cfi_endproc
  59              	.LFE113:
  61 0012 00BF     		.section	.text.ModelInit,"ax",%progbits
  62              		.align	1
  63              		.p2align 2,,3
  64              		.global	ModelInit
  65              		.syntax unified
  66              		.thumb
  67              		.thumb_func
  69              	ModelInit:
  70              	.LFB111:
 107:../blockset/rtw/STM32/lib/model.c ****   /* initialize the model */
  71              		.loc 1 107 1 is_stmt 1 view -0
  72              		.cfi_startproc
  73              		@ args = 0, pretend = 0, frame = 0
  74              		@ frame_needed = 0, uses_anonymous_args = 0
 112:../blockset/rtw/STM32/lib/model.c **** #endif
  75              		.loc 1 112 3 view .LVU9
 107:../blockset/rtw/STM32/lib/model.c ****   /* initialize the model */
  76              		.loc 1 107 1 is_stmt 0 view .LVU10
  77 0000 08B5     		push	{r3, lr}
  78              		.cfi_def_cfa_offset 8
  79              		.cfi_offset 3, -8
  80              		.cfi_offset 14, -4
 112:../blockset/rtw/STM32/lib/model.c **** #endif
  81              		.loc 1 112 3 view .LVU11
  82 0002 0120     		movs	r0, #1
  83 0004 FFF7FEFF 		bl	HANcoder_E407_DYS_MP_initialize
  84              	.LVL3:
 121:../blockset/rtw/STM32/lib/model.c **** #endif
  85              		.loc 1 121 3 is_stmt 1 view .LVU12
 123:../blockset/rtw/STM32/lib/model.c **** 
  86              		.loc 1 123 1 is_stmt 0 view .LVU13
  87 0008 BDE80840 		pop	{r3, lr}
  88              		.cfi_restore 14
  89              		.cfi_restore 3
  90              		.cfi_def_cfa_offset 0
 121:../blockset/rtw/STM32/lib/model.c **** #endif
  91              		.loc 1 121 3 view .LVU14
  92 000c 024A     		ldr	r2, .L7
  93 000e 40F26761 		movw	r1, #1639
  94 0012 0020     		movs	r0, #0
  95 0014 FFF7FEBF 		b	CanIoRegisterMessageReceivedCallback
  96              	.LVL4:
  97              	.L8:
  98              		.align	2
  99              	.L7:
 100 0018 00000000 		.word	ModelBootCroMsgReceived
 101              		.cfi_endproc
 102              	.LFE111:
 104              		.section	.text.ModelStep,"ax",%progbits
 105              		.align	1
 106              		.p2align 2,,3
 107              		.global	ModelStep
 108              		.syntax unified
 109              		.thumb
 110              		.thumb_func
 112              	ModelStep:
 113              	.LFB112:
 134:../blockset/rtw/STM32/lib/model.c ****   #if NUMST > 1
 114              		.loc 1 134 1 is_stmt 1 view -0
 115              		.cfi_startproc
 116              		@ args = 0, pretend = 0, frame = 0
 117              		@ frame_needed = 0, uses_anonymous_args = 0
 118              		@ link register save eliminated.
 140:../blockset/rtw/STM32/lib/model.c **** #endif
 119              		.loc 1 140 3 view .LVU16
 120 0000 FFF7FEBF 		b	HANcoder_E407_DYS_MP_step
 121              	.LVL5:
 122              		.cfi_endproc
 123              	.LFE112:
 125              		.global	kXcpEventCycle
 126              		.global	kXcpStationId
 127              		.global	kXcpStationIdLengthVariable
 128              		.global	nrFilteredADCchannels
 129              		.section	.data.kXcpStationIdLengthVariable,"aw"
 130              		.align	1
 133              	kXcpStationIdLengthVariable:
 134 0000 3000     		.short	48
 135              		.section	.data.nrFilteredADCchannels,"aw"
 138              	nrFilteredADCchannels:
 139 0000 00       		.space	1
 140              		.section	.rodata.kXcpEventCycle,"a"
 141              		.align	2
 144              	kXcpEventCycle:
 145 0000 646464   		.ascii	"ddd"
 146              		.section	.rodata.kXcpStationId,"a"
 147              		.align	2
 150              	kXcpStationId:
 151 0000 48414E63 		.ascii	"HANcoder_E407_DYS_MP_softwareID_v1_200623_015142"
 151      6F646572 
 151      5F453430 
 151      375F4459 
 151      535F4D50 
 152              		.text
 153              	.Letext0:
 154              		.file 2 "../blockset/rtw/STM32/inc/xcp_cfg.h"
 155              		.file 3 "c:\\program files (x86)\\gnu arm embedded toolchain\\10 2021.10\\arm-none-eabi\\include\\
 156              		.file 4 "c:\\program files (x86)\\gnu arm embedded toolchain\\10 2021.10\\arm-none-eabi\\include\\
 157              		.file 5 "../blockset/rtw/STM32/inc/xcp_par.h"
 158              		.file 6 "../blockset/rtw/STM32/inc/STM32_E407/anin.h"
 159              		.file 7 "../blockset/rtw/STM32/inc/STM32_E407/canio.h"
 160              		.file 8 "../blockset/rtw/STM32/inc/os.h"
DEFINED SYMBOLS
                            *ABS*:00000000 model.c
C:\Users\joery\AppData\Local\Temp\ccpaFpbH.s:19     .text.ModelBootCroMsgReceived:00000000 $t
C:\Users\joery\AppData\Local\Temp\ccpaFpbH.s:25     .text.ModelBootCroMsgReceived:00000000 ModelBootCroMsgReceived
C:\Users\joery\AppData\Local\Temp\ccpaFpbH.s:62     .text.ModelInit:00000000 $t
C:\Users\joery\AppData\Local\Temp\ccpaFpbH.s:69     .text.ModelInit:00000000 ModelInit
C:\Users\joery\AppData\Local\Temp\ccpaFpbH.s:100    .text.ModelInit:00000018 $d
C:\Users\joery\AppData\Local\Temp\ccpaFpbH.s:105    .text.ModelStep:00000000 $t
C:\Users\joery\AppData\Local\Temp\ccpaFpbH.s:112    .text.ModelStep:00000000 ModelStep
C:\Users\joery\AppData\Local\Temp\ccpaFpbH.s:144    .rodata.kXcpEventCycle:00000000 kXcpEventCycle
C:\Users\joery\AppData\Local\Temp\ccpaFpbH.s:150    .rodata.kXcpStationId:00000000 kXcpStationId
C:\Users\joery\AppData\Local\Temp\ccpaFpbH.s:133    .data.kXcpStationIdLengthVariable:00000000 kXcpStationIdLengthVariable
C:\Users\joery\AppData\Local\Temp\ccpaFpbH.s:138    .data.nrFilteredADCchannels:00000000 nrFilteredADCchannels
C:\Users\joery\AppData\Local\Temp\ccpaFpbH.s:130    .data.kXcpStationIdLengthVariable:00000000 $d
C:\Users\joery\AppData\Local\Temp\ccpaFpbH.s:139    .data.nrFilteredADCchannels:00000000 $d
C:\Users\joery\AppData\Local\Temp\ccpaFpbH.s:141    .rodata.kXcpEventCycle:00000000 $d
C:\Users\joery\AppData\Local\Temp\ccpaFpbH.s:147    .rodata.kXcpStationId:00000000 $d

UNDEFINED SYMBOLS
OsSystemReset
HANcoder_E407_DYS_MP_initialize
CanIoRegisterMessageReceivedCallback
HANcoder_E407_DYS_MP_step
